101.07.19 16:41 B C:\Fabrice\IDL\PALETTES\6coul.ct <-- padre /tmp_mnt/data/ter7/ardhuin/IDL/PALETTES 6coul.ct
101.07.19 16:41 B C:\Fabrice\IDL\PALETTES\backtoblack.ct <-- padre /tmp_mnt/data/ter7/ardhuin/IDL/PALETTES backtoblack.ct
101.07.19 16:41 B C:\Fabrice\IDL\PALETTES\bathy.ct <-- padre /tmp_mnt/data/ter7/ardhuin/IDL/PALETTES bathy.ct
101.07.19 16:41 B C:\Fabrice\IDL\PALETTES\bathy2.ct <-- padre /tmp_mnt/data/ter7/ardhuin/IDL/PALETTES bathy2.ct
101.07.19 16:41 B C:\Fabrice\IDL\PALETTES\bathy3.ct <-- padre /tmp_mnt/data/ter7/ardhuin/IDL/PALETTES bathy3.ct
101.07.19 16:41 B C:\Fabrice\IDL\PALETTES\bathy3white.ct <-- padre /tmp_mnt/data/ter7/ardhuin/IDL/PALETTES bathy3white.ct
101.07.19 16:41 B C:\Fabrice\IDL\PALETTES\bathy4.ct <-- padre /tmp_mnt/data/ter7/ardhuin/IDL/PALETTES bathy4.ct
101.07.19 16:41 B C:\Fabrice\IDL\PALETTES\bathygif.ct <-- padre /tmp_mnt/data/ter7/ardhuin/IDL/PALETTES bathygif.ct
101.07.19 16:41 B C:\Fabrice\IDL\PALETTES\bwflipped.ct <-- padre /tmp_mnt/data/ter7/ardhuin/IDL/PALETTES bwflipped.ct
101.07.19 16:41 B C:\Fabrice\IDL\PALETTES\Depth.ct <-- padre /tmp_mnt/data/ter7/ardhuin/IDL/PALETTES Depth.ct
101.07.19 16:41 B C:\Fabrice\IDL\PALETTES\E.ct <-- padre /tmp_mnt/data/ter7/ardhuin/IDL/PALETTES E.ct
101.07.19 16:41 B C:\Fabrice\IDL\PALETTES\fe.ct <-- padre /tmp_mnt/data/ter7/ardhuin/IDL/PALETTES fe.ct
101.07.19 16:41 B C:\Fabrice\IDL\PALETTES\Hs.ct <-- padre /tmp_mnt/data/ter7/ardhuin/IDL/PALETTES Hs.ct
101.07.19 16:41 B C:\Fabrice\IDL\PALETTES\JFM8a.ct <-- padre /tmp_mnt/data/ter7/ardhuin/IDL/PALETTES JFM8a.ct
101.07.19 16:41 B C:\Fabrice\IDL\PALETTES\ONR2000.ct <-- padre /tmp_mnt/data/ter7/ardhuin/IDL/PALETTES ONR2000.ct
101.07.19 16:41 B C:\Fabrice\IDL\PALETTES\pastels.ct <-- padre /tmp_mnt/data/ter7/ardhuin/IDL/PALETTES pastels.ct
101.07.19 16:41 B C:\Fabrice\IDL\PALETTES\pastels2.ct <-- padre /tmp_mnt/data/ter7/ardhuin/IDL/PALETTES pastels2.ct
101.07.19 16:41 B C:\Fabrice\IDL\PALETTES\pastels3.ct <-- padre /tmp_mnt/data/ter7/ardhuin/IDL/PALETTES pastels3.ct
101.07.19 16:41 B C:\Fabrice\IDL\PALETTES\raibow+.ct <-- padre /tmp_mnt/data/ter7/ardhuin/IDL/PALETTES raibow+.ct
101.07.19 16:41 B C:\Fabrice\IDL\PALETTES\rainbowbw.ct <-- padre /tmp_mnt/data/ter7/ardhuin/IDL/PALETTES rainbowbw.ct
101.07.19 16:41 B C:\Fabrice\IDL\PALETTES\ripplescoul.ct <-- padre /tmp_mnt/data/ter7/ardhuin/IDL/PALETTES ripplescoul.ct
101.07.19 16:41 B C:\Fabrice\IDL\PALETTES\ripplesgrey.ct <-- padre /tmp_mnt/data/ter7/ardhuin/IDL/PALETTES ripplesgrey.ct
101.07.19 16:41 B C:\Fabrice\IDL\PALETTES\S.ct <-- padre /tmp_mnt/data/ter7/ardhuin/IDL/PALETTES S.ct
101.07.19 16:41 B C:\Fabrice\IDL\PALETTES\S2.ct <-- padre /tmp_mnt/data/ter7/ardhuin/IDL/PALETTES S2.ct
101.07.19 16:41 B C:\Fabrice\IDL\PALETTES\symbols.ct <-- padre /tmp_mnt/data/ter7/ardhuin/IDL/PALETTES symbols.ct
101.07.19 16:41 B C:\Fabrice\IDL\PALETTES\wbw.ct <-- padre /tmp_mnt/data/ter7/ardhuin/IDL/PALETTES wbw.ct
