This is pdfeTeX, Version 3.141592-1.21a-2.2 (Web2C 7.5.4) (format=latex 2009.11.12)  20 NOV 2009 16:18
entering extended mode
**CHAWLAetal_2009.tex
(./CHAWLAetal_2009.tex
LaTeX2e <2003/12/01>
Babel <v3.8d> and hyphenation patterns for american, french, german, ngerman, b
ahasa, basque, bulgarian, catalan, croatian, czech, danish, dutch, esperanto, e
stonian, finnish, greek, icelandic, irish, italian, latin, magyar, norsk, polis
h, portuges, romanian, russian, serbian, slovak, slovene, spanish, swedish, tur
kish, ukrainian, nohyphenation, loaded.
(/usr/share/texmf/tex/latex/base/article.cls
Document Class: article 2004/02/16 v1.4f Standard LaTeX document class
(/usr/share/texmf/tex/latex/base/size12.clo
File: size12.clo 2004/02/16 v1.4f Standard LaTeX file (size option)
)
\c@part=\count79
\c@section=\count80
\c@subsection=\count81
\c@subsubsection=\count82
\c@paragraph=\count83
\c@subparagraph=\count84
\c@figure=\count85
\c@table=\count86
\abovecaptionskip=\skip41
\belowcaptionskip=\skip42
\bibindent=\dimen102
) (./ametsoc.sty
Package: ametsoc 

(/usr/share/texmf/tex/latex/graphics/graphicx.sty
Package: graphicx 1999/02/16 v1.0f Enhanced LaTeX Graphics (DPC,SPQR)

(/usr/share/texmf/tex/latex/graphics/keyval.sty
Package: keyval 1999/03/16 v1.13 key=value parser (DPC)
\KV@toks@=\toks14
)
(/usr/share/texmf/tex/latex/graphics/graphics.sty
Package: graphics 2001/07/07 v1.0n Standard LaTeX Graphics (DPC,SPQR)

(/usr/share/texmf/tex/latex/graphics/trig.sty
Package: trig 1999/03/16 v1.09 sin cos tan (DPC)
)
(/usr/share/texmf/tex/latex/graphics/graphics.cfg
File: graphics.cfg 2005/02/03 v1.3 graphics configuration of teTeX/TeXLive
)
Package graphics Info: Driver file: dvips.def on input line 80.

(/usr/share/texmf/tex/latex/graphics/dvips.def
File: dvips.def 1999/02/16 v3.0i Driver-dependant file (DPC,SPQR)
))
\Gin@req@height=\dimen103
\Gin@req@width=\dimen104
)
(/usr/share/texmf/tex/latex/geometry/geometry.sty
Package: geometry 2002/07/08 v3.2 Page Geometry
\Gm@cnth=\count87
\Gm@cntv=\count88
\c@Gm@tempcnt=\count89
\Gm@bindingoffset=\dimen105
\Gm@wd@mp=\dimen106
\Gm@odd@mp=\dimen107
\Gm@even@mp=\dimen108
\Gm@dimlist=\toks15

(/usr/share/texmf/tex/latex/geometry/geometry.cfg))
(/usr/share/texmf/tex/latex/natbib/natbib.sty
Package: natbib 2003/06/06 7.1 (PWD)
\bibhang=\skip43
\bibsep=\skip44
LaTeX Info: Redefining \cite on input line 518.
\c@NAT@ctr=\count90
)
(/usr/share/texmf/tex/latex/html/url.sty
Package: url 1999/03/02  ver 1.4  Verb mode for urls, email addresses, and file
 names
)
(/usr/share/texmf/tex/latex/graphics/color.sty
Package: color 1999/02/16 v1.0i Standard LaTeX Color (DPC)

(/usr/share/texmf/tex/latex/graphics/color.cfg
File: color.cfg 2005/02/03 v1.3 color configuration of teTeX/TeXLive
)
Package color Info: Driver file: dvips.def on input line 125.

(/usr/share/texmf/tex/latex/graphics/dvipsnam.def
File: dvipsnam.def 1999/02/16 v3.0i Driver-dependant file (DPC,SPQR)
))
(/usr/share/texmf/tex/latex/fancyhdr/fancyhdr.sty
\fancy@headwidth=\skip45
\f@ncyO@elh=\skip46
\f@ncyO@erh=\skip47
\f@ncyO@olh=\skip48
\f@ncyO@orh=\skip49
\f@ncyO@elf=\skip50
\f@ncyO@erf=\skip51
\f@ncyO@olf=\skip52
\f@ncyO@orf=\skip53
)
(/usr/share/texmf/tex/latex/amsmath/amsmath.sty
Package: amsmath 2000/07/18 v2.13 AMS math features
\@mathmargin=\skip54

For additional information on amsmath, use the `?' option.
(/usr/share/texmf/tex/latex/amsmath/amstext.sty
Package: amstext 2000/06/29 v2.01

(/usr/share/texmf/tex/latex/amsmath/amsgen.sty
File: amsgen.sty 1999/11/30 v2.0
\@emptytoks=\toks16
\ex@=\dimen109
))
(/usr/share/texmf/tex/latex/amsmath/amsbsy.sty
Package: amsbsy 1999/11/29 v1.2d
\pmbraise@=\dimen110
)
(/usr/share/texmf/tex/latex/amsmath/amsopn.sty
Package: amsopn 1999/12/14 v2.01 operator names
)
\inf@bad=\count91
LaTeX Info: Redefining \frac on input line 211.
\uproot@=\count92
\leftroot@=\count93
LaTeX Info: Redefining \overline on input line 307.
\classnum@=\count94
\DOTSCASE@=\count95
LaTeX Info: Redefining \ldots on input line 379.
LaTeX Info: Redefining \dots on input line 382.
LaTeX Info: Redefining \cdots on input line 467.
\Mathstrutbox@=\box26
\strutbox@=\box27
\big@size=\dimen111
LaTeX Font Info:    Redeclaring font encoding OML on input line 567.
LaTeX Font Info:    Redeclaring font encoding OMS on input line 568.
\macc@depth=\count96
\c@MaxMatrixCols=\count97
\dotsspace@=\muskip10
\c@parentequation=\count98
\dspbrk@lvl=\count99
\tag@help=\toks17
\row@=\count100
\column@=\count101
\maxfields@=\count102
\andhelp@=\toks18
\eqnshift@=\dimen112
\alignsep@=\dimen113
\tagshift@=\dimen114
\tagwidth@=\dimen115
\totwidth@=\dimen116
\lineht@=\dimen117
\@envbody=\toks19
\multlinegap=\skip55
\multlinetaggap=\skip56
\mathdisplay@stack=\toks20
LaTeX Info: Redefining \[ on input line 2666.
LaTeX Info: Redefining \] on input line 2667.
)
(/usr/share/texmf/tex/latex/amsfonts/amsfonts.sty
Package: amsfonts 2001/10/25 v2.2f
\symAMSa=\mathgroup4
\symAMSb=\mathgroup5
LaTeX Font Info:    Overwriting math alphabet `\mathfrak' in version `bold'
(Font)                  U/euf/m/n --> U/euf/b/n on input line 132.
)
(/usr/share/texmf/tex/latex/amsfonts/amssymb.sty
Package: amssymb 2002/01/22 v2.2d
)
(/usr/share/texmf/tex/latex/tools/bm.sty
Package: bm 2004/02/26 v1.1c Bold Symbol Support (DPC/FMi)
\symboldoperators=\mathgroup6
\symboldletters=\mathgroup7
\symboldsymbols=\mathgroup8
LaTeX Font Info:    Redeclaring math alphabet \mathbf on input line 137.
LaTeX Info: Redefining \bm on input line 203.
)
(/usr/share/texmf/tex/latex/tools/indentfirst.sty
Package: indentfirst 1995/11/23 v1.03 Indent first paragraph (DPC)
)
(/usr/share/texmf/tex/latex/base/ifthen.sty
Package: ifthen 2001/05/26 v1.1c Standard LaTeX ifthen package (DPC)
)
(/usr/share/texmf/tex/latex/endfloat/endfloat.sty
Package: endfloat 1995/10/11 v2.4i LaTeX2e package puts figures and tables at e
nd (jdm)
\c@postfig=\count103
\efloat@postfff=\write3
\@ef@fffopen=\count104
\c@posttbl=\count105
\efloat@postttt=\write4
\@ef@tttopen=\count106
))
(/usr/share/texmf/tex/latex/subfigure/subfigure.sty
Package: subfigure 2002/07/30 v2.1.4 subfigure package
\subfigtopskip=\skip57
\subfigcapskip=\skip58
\subfigcaptopadj=\dimen118
\subfigbottomskip=\skip59
\subfigcapmargin=\dimen119
\subfiglabelskip=\skip60
\c@subfigure=\count107
\c@lofdepth=\count108
\c@subtable=\count109
\c@lotdepth=\count110

****************************************
* Local config file subfigure.cfg used *
****************************************
(/usr/share/texmf/tex/latex/subfigure/subfigure.cfg)
\subfig@top=\skip61
\subfig@bottom=\skip62
) (./CHAWLAetal_2009.aux)
\openout1 = `CHAWLAetal_2009.aux'.

LaTeX Font Info:    Checking defaults for OML/cmm/m/it on input line 31.
LaTeX Font Info:    ... okay on input line 31.
LaTeX Font Info:    Checking defaults for T1/cmr/m/n on input line 31.
LaTeX Font Info:    ... okay on input line 31.
LaTeX Font Info:    Checking defaults for OT1/cmr/m/n on input line 31.
LaTeX Font Info:    ... okay on input line 31.
LaTeX Font Info:    Checking defaults for OMS/cmsy/m/n on input line 31.
LaTeX Font Info:    ... okay on input line 31.
LaTeX Font Info:    Checking defaults for OMX/cmex/m/n on input line 31.
LaTeX Font Info:    ... okay on input line 31.
LaTeX Font Info:    Checking defaults for U/cmr/m/n on input line 31.
LaTeX Font Info:    ... okay on input line 31.
-------------------- Geometry parameters
paper: letterpaper
landscape: --
twocolumn: --
twoside: --
asymmetric: --
h-parts: 72.41226pt, 469.47046pt, 72.41228pt
v-parts: 57.36081pt, 651.56793pt, 86.04124pt
hmarginratio: 1:1
vmarginratio: 2:3
lines: --
heightrounded: --
bindingoffset: 0.0pt
truedimen: --
includehead: --
includefoot: --
includemp: --
driver: dvips
-------------------- Page layout dimensions and switches
\paperwidth  614.295pt
\paperheight 794.96999pt
\textwidth  469.47046pt
\textheight 651.56793pt
\oddsidemargin  0.14227pt
\evensidemargin 0.14227pt
\topmargin  -51.90918pt
\headheight 12.0pt
\headsep    25.0pt
\footskip   30.0pt
\marginparwidth 44.0pt
\marginparsep   10.0pt
\columnsep  10.0pt
\skip\footins  10.8pt plus 4.0pt minus 2.0pt
\hoffset 0.0pt
\voffset 0.0pt
\mag 1000

(1in=72.27pt, 1cm=28.45pt)
-----------------------
LaTeX Font Info:    Try loading font information for U+msa on input line 89.

(/usr/share/texmf/tex/latex/amsfonts/umsa.fd
File: umsa.fd 2002/01/19 v2.2g AMS font definitions
)
LaTeX Font Info:    Try loading font information for U+msb on input line 89.

(/usr/share/texmf/tex/latex/amsfonts/umsb.fd
File: umsb.fd 2002/01/19 v2.2g AMS font definitions
)
Overfull \hbox (12.0pt too wide) in paragraph at lines 89--89
 [] 
 []


Overfull \hbox (12.0pt too wide) in paragraph at lines 89--89
 [] 
 []


Overfull \hbox (12.0pt too wide) in paragraph at lines 89--89
 [] 
 []


Overfull \hbox (12.0pt too wide) in paragraph at lines 89--89
 [] 
 []


Package Fancyhdr Warning: \headheight is too small (12.0pt): 
 Make it at least 14.49998pt.
 We now make it that large for the rest of the document.
 This may cause the page layout to be inconsistent, however.

[1

] [1] [2] [3] [4] [5] [6] [7] [8] [9]

LaTeX Warning: Reference `sec:PART' on page 10 undefined on input line 373.

[10] [11] [12] [13] [14] [15]

LaTeX Warning: Reference `sc:anal' on page 16 undefined on input line 580.


LaTeX Warning: Reference `sc:alt_comp' on page 16 undefined on input line 580.

[16] [17] (./CHAWLAetal_2009.bbl [18

] [19] [20])
\openout3 = `CHAWLAetal_2009.fff'.

 (CHAWLAetal_2009.fff)
AED endfloat: Processing end Figures and Tables [21] (./CHAWLAetal_2009.lof
[22



])
\tf@lof=\write5
\openout5 = `CHAWLAetal_2009.lof'.

 [23] (./CHAWLAetal_2009.fff
File: ./figures/imeds_part.eps Graphic file (type eps)
 <./figures/imeds_part.eps> [24]
File: ./figures/mww3_res.eps Graphic file (type eps)

<./figures/mww3_res.eps> [25]
File: ./figures/pacific_10m_mask.eps Graphic file (type eps)
 <./figures/pacific_10m_mask.eps>
File: ./figures/pacific_10m_mask2.eps Graphic file (type eps)

<./figures/pacific_10m_mask2.eps>
Overfull \hbox (27.8803pt too wide) in paragraph at lines 19--24
[][] |  [] 
 []

[26]
File: ./figures/pacific_global.eps Graphic file (type eps)
 <./figures/pacific_global.eps>
File: ./figures/pacific_regional.eps Graphic file (type eps)
 <./figures/pacific_regional.eps>
File: ./figures/pacific_coastal.eps Graphic file (type eps)

<./figures/pacific_coastal.eps>
File: ./figures/pacific_all.eps Graphic file (type eps)
 <./figures/pacific_all.eps> [27]
File: ./figures/Katrina_wna_hs.eps Graphic file (type eps)

<./figures/Katrina_wna_hs.eps>
File: ./figures/Katrina_multiSdb_hs.eps Graphic file (type eps)
 <./figures/Katrina_multiSdb_hs.eps> [28]
File: ./figures/Katrina_wna_ratio.eps Graphic file (type eps)

<./figures/Katrina_wna_ratio.eps>
File: ./figures/Katrina_multiSdb_ratio.eps Graphic file (type eps)
 <./figures/Katrina_multiSdb_ratio.eps>
[29]
File: ./figures/pacific.hs.f120h.eps Graphic file (type eps)
 <./figures/pacific.hs.f120h.eps>
File: ./figures/pacific.hs_ws.f120h.eps Graphic file (type eps)
 <./figures/pacific.hs_ws.f120h.eps>
File: ./figures/pacific.hs_sw1.f120h.eps Graphic file (type eps)

<./figures/pacific.hs_sw1.f120h.eps>
File: ./figures/pacific.hs_sw2.f120h.eps Graphic file (type eps)
 <./figures/pacific.hs_sw2.f120h.eps>
[30]
File: ./figures/pacific.tp.f120h.eps Graphic file (type eps)
 <./figures/pacific.tp.f120h.eps>
File: ./figures/pacific.tp_ws.f120h.eps Graphic file (type eps)
 <./figures/pacific.tp_ws.f120h.eps>
File: ./figures/pacific.tp_sw1.f120h.eps Graphic file (type eps)

<./figures/pacific.tp_sw1.f120h.eps>
File: ./figures/pacific.tp_sw2.f120h.eps Graphic file (type eps)
 <./figures/pacific.tp_sw2.f120h.eps>
[31]
File: ./figures/glo_30m_sih_comp.eps Graphic file (type eps)
 <./figures/glo_30m_sih_comp.eps> [32]
File: ./figures/SIHmap2_js1_global_HIND_200801_avg15.eps Graphic file (type eps
)

<./figures/SIHmap2_js1_global_HIND_200801_avg15.eps>
File: ./figures/SIHmap2_js1_global_F048H_200801_avg15.eps Graphic file (type ep
s)

<./figures/SIHmap2_js1_global_F048H_200801_avg15.eps>
File: ./figures/SIHmap2_js1_global_F072H_200801_avg15.eps Graphic file (type ep
s)

<./figures/SIHmap2_js1_global_F072H_200801_avg15.eps>
File: ./figures/SIHmap2_js1_global_F096H_200801_avg15.eps Graphic file (type ep
s)

<./figures/SIHmap2_js1_global_F096H_200801_avg15.eps> [33]
File: ./figures/glo_30m_bih_comp.eps Graphic file (type eps)

<./figures/glo_30m_bih_comp.eps> [34]
File: ./figures/biasmap2_js1_global_HIND_200801_avg15.eps Graphic file (type ep
s)

<./figures/biasmap2_js1_global_HIND_200801_avg15.eps>
File: ./figures/biasmap2_js1_global_HIND_200807_avg15.eps Graphic file (type ep
s)

<./figures/biasmap2_js1_global_HIND_200807_avg15.eps> [35]
File: ./figures/biasmap2_alt_global_HIND_200201_avg15.eps Graphic file (type ep
s)

<./figures/biasmap2_alt_global_HIND_200201_avg15.eps> [36]
File: ./figures/biasmap2_js1_nww3_HIND_200801_avg15.eps Graphic file (type eps)


<./figures/biasmap2_js1_nww3_HIND_200801_avg15.eps> [37]
File: ./figures/wave_clim_south.eps Graphic file (type eps)

<./figures/wave_clim_south.eps>
File: ./figures/wave_clim_north.eps Graphic file (type eps)
 <./figures/wave_clim_north.eps> [38]
File: ./figures/buoy_map.eps Graphic file (type eps)

<./figures/buoy_map.eps> [39]
File: ./figures/BulkStats2.Hs.US_West_Coast.eps Graphic file (type eps)
 <./figures/BulkStats2.Hs.US_West_Coast.eps>
File: ./figures/BulkStats2.Hs.US_eastcoast.eps Graphic file (type eps)

<./figures/BulkStats2.Hs.US_eastcoast.eps>
File: ./figures/BulkStats2.Hs.Alaska.eps Graphic file (type eps)

<./figures/BulkStats2.Hs.Alaska.eps>
File: ./figures/BulkStats2.Hs.Europe_Offshore.eps Graphic file (type eps)

<./figures/BulkStats2.Hs.Europe_Offshore.eps>
File: ./figures/BulkStats2.Hs.Southern_Hemisphere.eps Graphic file (type eps)

<./figures/BulkStats2.Hs.Southern_Hemisphere.eps>
File: ./figures/BulkStats2.Hs.Australia.eps Graphic file (type eps)

<./figures/BulkStats2.Hs.Australia.eps> [40]) (./CHAWLAetal_2009.aux)

LaTeX Warning: There were undefined references.

 ) 
Here is how much of TeX's memory you used:
 2938 strings out of 94501
 37322 string characters out of 1176788
 89143 words of memory out of 1000000
 6005 multiletter control sequences out of 10000+50000
 21490 words of font info for 78 fonts, out of 500000 for 2000
 580 hyphenation exceptions out of 1000
 34i,14n,45p,1442b,354s stack positions out of 1500i,500n,5000p,200000b,5000s

Output written on CHAWLAetal_2009.dvi (41 pages, 76632 bytes).
