This is pdfTeXk, Version 3.141592-1.40.3 (Web2C 7.5.6) (format=pdflatex 2010.3.8)  25 MAR 2010 11:22
entering extended mode
 %&-line parsing enabled.
**ww3_glw.tex
(./ww3_glw.tex
LaTeX2e <2005/12/01>
Babel <v3.8h> and hyphenation patterns for english, usenglishmax, dumylang, noh
yphenation, arabic, basque, bulgarian, coptic, welsh, czech, slovak, german, ng
erman, danish, esperanto, spanish, catalan, galician, estonian, farsi, finnish,
 french, greek, monogreek, ancientgreek, croatian, hungarian, interlingua, ibyc
us, indonesian, icelandic, italian, latin, mongolian, dutch, norsk, polish, por
tuguese, pinyin, romanian, russian, slovenian, uppersorbian, serbian, swedish, 
turkish, ukenglish, ukrainian, loaded.
(/usr/share/texmf/tex/latex/base/article.cls
Document Class: article 2005/09/16 v1.4f Standard LaTeX document class
(/usr/share/texmf/tex/latex/base/size12.clo
File: size12.clo 2005/09/16 v1.4f Standard LaTeX file (size option)
)
\c@part=\count79
\c@section=\count80
\c@subsection=\count81
\c@subsubsection=\count82
\c@paragraph=\count83
\c@subparagraph=\count84
\c@figure=\count85
\c@table=\count86
\abovecaptionskip=\skip41
\belowcaptionskip=\skip42
\bibindent=\dimen102
)
(/usr/share/texmf/tex/latex/base/fontenc.sty
Package: fontenc 2005/09/27 v1.99g Standard LaTeX package

(/usr/share/texmf/tex/latex/base/t1enc.def
File: t1enc.def 2005/09/27 v1.99g Standard LaTeX file
LaTeX Font Info:    Redeclaring font encoding T1 on input line 43.
))
(/usr/share/texmf/tex/latex/base/inputenc.sty
Package: inputenc 2006/05/05 v1.1b Input encoding file
\inpenc@prehook=\toks14
\inpenc@posthook=\toks15

(/usr/share/texmf/tex/latex/base/latin9.def
File: latin9.def 2006/05/05 v1.1b Input encoding file
))
(/usr/share/texmf/tex/latex/graphics/graphicx.sty
Package: graphicx 1999/02/16 v1.0f Enhanced LaTeX Graphics (DPC,SPQR)

(/usr/share/texmf/tex/latex/graphics/keyval.sty
Package: keyval 1999/03/16 v1.13 key=value parser (DPC)
\KV@toks@=\toks16
)
(/usr/share/texmf/tex/latex/graphics/graphics.sty
Package: graphics 2006/02/20 v1.0o Standard LaTeX Graphics (DPC,SPQR)

(/usr/share/texmf/tex/latex/graphics/trig.sty
Package: trig 1999/03/16 v1.09 sin cos tan (DPC)
)
(/usr/share/texmf/tex/latex/config/graphics.cfg
File: graphics.cfg 2007/01/18 v1.5 graphics configuration of teTeX/TeXLive
)
Package graphics Info: Driver file: pdftex.def on input line 90.

(/usr/share/texmf/tex/latex/pdftex-def/pdftex.def
File: pdftex.def 2007/01/08 v0.04d Graphics/color for pdfTeX
\Gread@gobject=\count87
))
\Gin@req@height=\dimen103
\Gin@req@width=\dimen104
)
(/usr/share/texmf/tex/latex/graphics/epsfig.sty
Package: epsfig 1999/02/16 v1.7a (e)psfig emulation (SPQR)
\epsfxsize=\dimen105
\epsfysize=\dimen106
) (./ametsoc.sty
Package: ametsoc 

(/usr/share/texmf/tex/latex/geometry/geometry.sty
Package: geometry 2002/07/08 v3.2 Page Geometry
\Gm@cnth=\count88
\Gm@cntv=\count89
\c@Gm@tempcnt=\count90
\Gm@bindingoffset=\dimen107
\Gm@wd@mp=\dimen108
\Gm@odd@mp=\dimen109
\Gm@even@mp=\dimen110
\Gm@dimlist=\toks17
)
(/usr/share/texmf/tex/latex/natbib/natbib.sty
Package: natbib 2007/02/05 8.0 (PWD)
\bibhang=\skip43
\bibsep=\skip44
LaTeX Info: Redefining \cite on input line 602.
\c@NAT@ctr=\count91
)
(/usr/share/texmf/tex/latex/ltxmisc/url.sty
\Urlmuskip=\muskip10
Package: url 2005/06/27  ver 3.2  Verb mode for urls, etc.
)
(/usr/share/texmf/tex/latex/graphics/color.sty
Package: color 2005/11/14 v1.0j Standard LaTeX Color (DPC)

(/usr/share/texmf/tex/latex/config/color.cfg
File: color.cfg 2007/01/18 v1.5 color configuration of teTeX/TeXLive
)
Package color Info: Driver file: pdftex.def on input line 130.
)
(/usr/share/texmf/tex/latex/fancyhdr/fancyhdr.sty
\fancy@headwidth=\skip45
\f@ncyO@elh=\skip46
\f@ncyO@erh=\skip47
\f@ncyO@olh=\skip48
\f@ncyO@orh=\skip49
\f@ncyO@elf=\skip50
\f@ncyO@erf=\skip51
\f@ncyO@olf=\skip52
\f@ncyO@orf=\skip53
)
(/usr/share/texmf/tex/latex/amsmath/amsmath.sty
Package: amsmath 2000/07/18 v2.13 AMS math features
\@mathmargin=\skip54

For additional information on amsmath, use the `?' option.
(/usr/share/texmf/tex/latex/amsmath/amstext.sty
Package: amstext 2000/06/29 v2.01

(/usr/share/texmf/tex/latex/amsmath/amsgen.sty
File: amsgen.sty 1999/11/30 v2.0
\@emptytoks=\toks18
\ex@=\dimen111
))
(/usr/share/texmf/tex/latex/amsmath/amsbsy.sty
Package: amsbsy 1999/11/29 v1.2d
\pmbraise@=\dimen112
)
(/usr/share/texmf/tex/latex/amsmath/amsopn.sty
Package: amsopn 1999/12/14 v2.01 operator names
)
\inf@bad=\count92
LaTeX Info: Redefining \frac on input line 211.
\uproot@=\count93
\leftroot@=\count94
LaTeX Info: Redefining \overline on input line 307.
\classnum@=\count95
\DOTSCASE@=\count96
LaTeX Info: Redefining \ldots on input line 379.
LaTeX Info: Redefining \dots on input line 382.
LaTeX Info: Redefining \cdots on input line 467.
\Mathstrutbox@=\box26
\strutbox@=\box27
\big@size=\dimen113
LaTeX Font Info:    Redeclaring font encoding OML on input line 567.
LaTeX Font Info:    Redeclaring font encoding OMS on input line 568.
\macc@depth=\count97
\c@MaxMatrixCols=\count98
\dotsspace@=\muskip11
\c@parentequation=\count99
\dspbrk@lvl=\count100
\tag@help=\toks19
\row@=\count101
\column@=\count102
\maxfields@=\count103
\andhelp@=\toks20
\eqnshift@=\dimen114
\alignsep@=\dimen115
\tagshift@=\dimen116
\tagwidth@=\dimen117
\totwidth@=\dimen118
\lineht@=\dimen119
\@envbody=\toks21
\multlinegap=\skip55
\multlinetaggap=\skip56
\mathdisplay@stack=\toks22
LaTeX Info: Redefining \[ on input line 2666.
LaTeX Info: Redefining \] on input line 2667.
)
(/usr/share/texmf/tex/latex/amsfonts/amsfonts.sty
Package: amsfonts 2001/10/25 v2.2f
\symAMSa=\mathgroup4
\symAMSb=\mathgroup5
LaTeX Font Info:    Overwriting math alphabet `\mathfrak' in version `bold'
(Font)                  U/euf/m/n --> U/euf/b/n on input line 132.
)
(/usr/share/texmf/tex/latex/amsfonts/amssymb.sty
Package: amssymb 2002/01/22 v2.2d
)
(/usr/share/texmf/tex/latex/tools/bm.sty
Package: bm 2004/02/26 v1.1c Bold Symbol Support (DPC/FMi)
\symboldoperators=\mathgroup6
\symboldletters=\mathgroup7
\symboldsymbols=\mathgroup8
LaTeX Font Info:    Redeclaring math alphabet \mathbf on input line 137.
LaTeX Info: Redefining \bm on input line 203.
)
(/usr/share/texmf/tex/latex/tools/indentfirst.sty
Package: indentfirst 1995/11/23 v1.03 Indent first paragraph (DPC)
)
(/usr/share/texmf/tex/latex/base/ifthen.sty
Package: ifthen 2001/05/26 v1.1c Standard LaTeX ifthen package (DPC)
)
(/usr/share/texmf/tex/latex/endfloat/endfloat.sty
Package: endfloat 1995/10/11 v2.4i LaTeX2e package puts figures and tables at e
nd (jdm)
\c@postfig=\count104
\efloat@postfff=\write3
\@ef@fffopen=\count105
\c@posttbl=\count106
\efloat@postttt=\write4
\@ef@tttopen=\count107
))
(/usr/share/texmf/tex/generic/babel/babel.sty
Package: babel 2005/11/23 v3.8h The Babel package

(/usr/share/texmf/tex/generic/babel/english.ldf
Language: english 2005/03/30 v3.3o English support from the babel system

(/usr/share/texmf/tex/generic/babel/babel.def
File: babel.def 2005/11/23 v3.8h Babel common definitions
\babel@savecnt=\count108
\U@D=\dimen120
)
\l@british = a dialect from \language\l@english 
\l@UKenglish = a dialect from \language\l@english 
\l@canadian = a dialect from \language\l@american 
\l@australian = a dialect from \language\l@british 
\l@newzealand = a dialect from \language\l@british 
)) (./ww3_glw.aux (./intro.aux)
(./waveclimate.aux) (./previouswork.aux) (./initialwork.aux))
\openout1 = `ww3_glw.aux'.

LaTeX Font Info:    Checking defaults for OML/cmm/m/it on input line 42.
LaTeX Font Info:    ... okay on input line 42.
LaTeX Font Info:    Checking defaults for T1/cmr/m/n on input line 42.
LaTeX Font Info:    ... okay on input line 42.
LaTeX Font Info:    Checking defaults for OT1/cmr/m/n on input line 42.
LaTeX Font Info:    ... okay on input line 42.
LaTeX Font Info:    Checking defaults for OMS/cmsy/m/n on input line 42.
LaTeX Font Info:    ... okay on input line 42.
LaTeX Font Info:    Checking defaults for OMX/cmex/m/n on input line 42.
LaTeX Font Info:    ... okay on input line 42.
LaTeX Font Info:    Checking defaults for U/cmr/m/n on input line 42.
LaTeX Font Info:    ... okay on input line 42.
-------------------- Geometry parameters
paper: letterpaper
landscape: --
twocolumn: --
twoside: --
asymmetric: --
h-parts: 72.41226pt, 469.47046pt, 72.41228pt
v-parts: 57.36081pt, 651.56793pt, 86.04124pt
hmarginratio: 1:1
vmarginratio: 2:3
lines: --
heightrounded: --
bindingoffset: 0.0pt
truedimen: --
includehead: --
includefoot: --
includemp: --
driver: pdftex
-------------------- Page layout dimensions and switches
\paperwidth  614.295pt
\paperheight 794.96999pt
\textwidth  469.47046pt
\textheight 651.56793pt
\oddsidemargin  0.14227pt
\evensidemargin 0.14227pt
\topmargin  -51.90918pt
\headheight 12.0pt
\headsep    25.0pt
\footskip   30.0pt
\marginparwidth 44.0pt
\marginparsep   10.0pt
\columnsep  10.0pt
\skip\footins  10.8pt plus 4.0pt minus 2.0pt
\hoffset 0.0pt
\voffset 0.0pt
\mag 1000

(1in=72.27pt, 1cm=28.45pt)
-----------------------
LaTeX Font Info:    Try loading font information for U+msa on input line 53.

(/usr/share/texmf/tex/latex/amsfonts/umsa.fd
File: umsa.fd 2002/01/19 v2.2g AMS font definitions
)
LaTeX Font Info:    Try loading font information for U+msb on input line 53.

(/usr/share/texmf/tex/latex/amsfonts/umsb.fd
File: umsb.fd 2002/01/19 v2.2g AMS font definitions
)

LaTeX Warning: No \author given.


Overfull \hbox (127.67726pt too wide) in paragraph at lines 57--68
\T1/cmr/m/it/10 Somewhere, over the rain-bow [] 
 []


Overfull \hbox (51.62207pt too wide) in paragraph at lines 57--68
\T1/cmr/m/n/12 insitution []
 []


Underfull \hbox (badness 10000) in paragraph at lines 57--68

 []


Package Fancyhdr Warning: \headheight is too small (12.0pt): 
 Make it at least 14.49998pt.
 We now make it that large for the rest of the document.
 This may cause the page layout to be inconsistent, however.

[1{/usr/share/texmf/fonts/map/pdftex/updmap/pdftex.map}

] [1]
\openout2 = `intro.aux'.

 (./intro.tex
[2

]

Package natbib Warning: Citation `tolman02' on page 3 undefined on input line 4
7.

[3]) [4]
\openout2 = `waveclimate.aux'.

 (./waveclimate.tex) [5


]
\openout2 = `previouswork.aux'.

 (./previouswork.tex [6


] [7] [8]) [9] [10

]
\openout2 = `initialwork.aux'.


(./initialwork.tex [11

]

LaTeX Warning: Reference `fig:bathy' on page 12 undefined on input line 63.

[12] [13]
\openout3 = `ww3_glw.fff'.

 (ww3_glw.fff) [14] [15]) [16] [17

] (./ww3_glw.bbl [18

]
LaTeX Font Info:    Try loading font information for T1+cmtt on input line 61.

(/usr/share/texmf/tex/latex/base/t1cmtt.fd
File: t1cmtt.fd 1999/05/25 v2.5h Standard LaTeX font definitions
))

Package natbib Warning: There were undefined citations.

AED endfloat: Processing end Figures and Tables [19] (./ww3_glw.lof)
\tf@lof=\write5
\openout5 = `ww3_glw.lof'.

 [20



]
(./ww3_glw.fff <./figures/fig_45005_4q.png, id=80, 485.815pt x 691.58376pt>
File: ./figures/fig_45005_4q.png Graphic file (type png)

<use ./figures/fig_45005_4q.png>
Overfull \hbox (16.34335pt too wide) in paragraph at lines 4--7
 [][] 
 []


LaTeX Warning: Float too large for page by 54.51413pt on input line 7.


LaTeX Warning: `!h' float specifier changed to `!ht'.

[21 <./figures/fig_45005_4q.png>]
<./figures/fig_nambulk.png, id=85, 578.16pt x 434.1018pt>
File: ./figures/fig_nambulk.png Graphic file (type png)

<use ./figures/fig_nambulk.png>
Overfull \hbox (108.68813pt too wide) in paragraph at lines 13--16
 [][] 
 []

[22


 <./figures/fig_nambulk.png (PNG copy)>]
<./figures/fig_namshorebias.png, id=89, 578.16pt x 434.1018pt>
File: ./figures/fig_namshorebias.png Graphic file (type png)

<use ./figures/fig_namshorebias.png>
Overfull \hbox (108.68813pt too wide) in paragraph at lines 22--25
 [][] 
 []

[23

 <./figures/fig_namshorebias.png (PNG copy)>]
<./figures/fig_DBLN6_bins.png, id=93, 500.87125pt x 407.5225pt>
File: ./figures/fig_DBLN6_bins.png Graphic file (type png)

<use ./figures/fig_DBLN6_bins.png>
Overfull \hbox (31.39955pt too wide) in paragraph at lines 31--34
 [][] 
 []

[24

 <./figures/fig_DBLN6_bins.png>]) (./ww3_glw.aux (./intro.aux)
(./waveclimate.aux) (./previouswork.aux) (./initialwork.aux))

LaTeX Warning: There were undefined references.

 ) 
Here is how much of TeX's memory you used:
 3257 strings out of 256216
 38183 string characters out of 1917073
 99639 words of memory out of 1500000
 6417 multiletter control sequences out of 10000+200000
 29641 words of font info for 83 fonts, out of 1200000 for 2000
 645 hyphenation exceptions out of 8191
 35i,15n,45p,250b,355s stack positions out of 5000i,500n,6000p,200000b,15000s
 </home/jhenrique/.texlive2007/texmf-var/fonts/pk/ljfour/jknappen/ec/ectt1200
.600pk> </home/jhenrique/.texlive2007/texmf-var/fonts/pk/ljfour/jknappen/ec/ecb
x1200.600pk> </home/jhenrique/.texlive2007/texmf-var/fonts/pk/ljfour/jknappen/e
c/ecbx1728.600pk> </home/jhenrique/.texlive2007/texmf-var/fonts/pk/ljfour/jknap
pen/ec/ecti1000.600pk> </home/jhenrique/.texlive2007/texmf-var/fonts/pk/ljfour/
jknappen/ec/ecrm1200.600pk> </home/jhenrique/.texlive2007/texmf-var/fonts/pk/lj
four/jknappen/ec/ecti1200.600pk> </home/jhenrique/.texlive2007/texmf-var/fonts/
pk/ljfour/jknappen/ec/eccc1200.600pk> </home/jhenrique/.texlive2007/texmf-var/f
onts/pk/ljfour/jknappen/ec/ecrm1440.600pk> </home/jhenrique/.texlive2007/texmf-
var/fonts/pk/ljfour/jknappen/ec/ecbx1440.600pk> </home/jhenrique/.texlive2007/t
exmf-var/fonts/pk/ljfour/jknappen/ec/ecrm0700.600pk> </home/jhenrique/.texlive2
007/texmf-var/fonts/pk/ljfour/jknappen/ec/ecrm1000.600pk></usr/share/texmf/font
s/type1/bluesky/cm/cmsy8.pfb>
Output written on ww3_glw.pdf (25 pages, 294602 bytes).
PDF statistics:
 459 PDF objects out of 1000 (max. 8388607)
 0 named destinations out of 1000 (max. 131072)
 21 words of extra memory for PDF output out of 10000 (max. 10000000)

